DEBUG: Trovando email g.bianchi@studenti.unina.it
DEBUG: Risultati query DB: [{'id': 1, 'nome': 'Giulia', 'cognome': 'Bianchi', 'email': 'g.bianchi@studenti.unina.it', 'password_hash': 'scrypt:32768:8:1$F1YiDKbEUS6xCx7l$479dad4ae0b6057c8333c7df90bf392e62ec27d52736442b4eee065dc55ae3c6c90579e8e4b70dbcce44dc30eefdbffdec6f030f83bbdc4c6a78f6e804f91404', 'ruolo': 'studente', 'stato': 'active', 'created_at': '2026-03-10 14:24:31', 'last_login': '2026-03-10T15:45:03.059498+00:00', 'tentativi_falliti': 0, 'bloccato_fino_a': None, 'data_nascita': None, 'telefono': None, 'matricola_studente': 'N86001234', 'corso_di_laurea_id': 1, 'anno_corso': 2, 'matricola_docente': None, 'dipartimento': None}]
DEBUG: Login ok!
DEBUG: Trovando email g.bianchi@studenti.unina.it
DEBUG: Risultati query DB: [{'id': 1, 'nome': 'Giulia', 'cognome': 'Bianchi', 'email': 'g.bianchi@studenti.unina.it', 'password_hash': 'scrypt:32768:8:1$F1YiDKbEUS6xCx7l$479dad4ae0b6057c8333c7df90bf392e62ec27d52736442b4eee065dc55ae3c6c90579e8e4b70dbcce44dc30eefdbffdec6f030f83bbdc4c6a78f6e804f91404', 'ruolo': 'studente', 'stato': 'active', 'created_at': '2026-03-10 14:24:31', 'last_login': '2026-03-10T15:54:49.211899+00:00', 'tentativi_falliti': 0, 'bloccato_fino_a': None, 'data_nascita': None, 'telefono': None, 'matricola_studente': 'N86001234', 'corso_di_laurea_id': 1, 'anno_corso': 2, 'matricola_docente': None, 'dipartimento': None}]
DEBUG: Login ok!
DEBUG: Trovando email g.bianchi@studenti.unina.it
DEBUG: Risultati query DB: [{'id': 1, 'nome': 'Giulia', 'cognome': 'Bianchi', 'email': 'g.bianchi@studenti.unina.it', 'password_hash': 'scrypt:32768:8:1$F1YiDKbEUS6xCx7l$479dad4ae0b6057c8333c7df90bf392e62ec27d52736442b4eee065dc55ae3c6c90579e8e4b70dbcce44dc30eefdbffdec6f030f83bbdc4c6a78f6e804f91404', 'ruolo': 'studente', 'stato': 'active', 'created_at': '2026-03-10 14:24:31', 'last_login': '2026-03-10T15:56:06.562767+00:00', 'tentativi_falliti': 0, 'bloccato_fino_a': None, 'data_nascita': None, 'telefono': None, 'matricola_studente': 'N86001234', 'corso_di_laurea_id': 1, 'anno_corso': 2, 'matricola_docente': None, 'dipartimento': None}]
DEBUG: Login ok!
DEBUG: Trovando email c.romano@studenti.unina.it
DEBUG: Risultati query DB: [{'id': 3, 'nome': 'Chiara', 'cognome': 'Romano', 'email': 'c.romano@studenti.unina.it', 'password_hash': 'scrypt:32768:8:1$F1YiDKbEUS6xCx7l$479dad4ae0b6057c8333c7df90bf392e62ec27d52736442b4eee065dc55ae3c6c90579e8e4b70dbcce44dc30eefdbffdec6f030f83bbdc4c6a78f6e804f91404', 'ruolo': 'studente', 'stato': 'active', 'created_at': '2026-03-10 14:24:31', 'last_login': None, 'tentativi_falliti': 0, 'bloccato_fino_a': None, 'data_nascita': None, 'telefono': None, 'matricola_studente': 'N86001236', 'corso_di_laurea_id': 1, 'anno_corso': 2, 'matricola_docente': None, 'dipartimento': None}]
DEBUG: Password mismatch!
DEBUG: Trovando email studente@studenti.unina.it
DEBUG: Risultati query DB: [{'id': 4, 'nome': 'Studente', 'cognome': 'Demo', 'email': 'studente@studenti.unina.it', 'password_hash': 'scrypt:32768:8:1$F1YiDKbEUS6xCx7l$479dad4ae0b6057c8333c7df90bf392e62ec27d52736442b4eee065dc55ae3c6c90579e8e4b70dbcce44dc30eefdbffdec6f030f83bbdc4c6a78f6e804f91404', 'ruolo': 'studente', 'stato': 'active', 'created_at': '2026-03-10 14:24:31', 'last_login': None, 'tentativi_falliti': 0, 'bloccato_fino_a': None, 'data_nascita': None, 'telefono': None, 'matricola_studente': 'N86009999', 'corso_di_laurea_id': 1, 'anno_corso': 2, 'matricola_docente': None, 'dipartimento': None}]
DEBUG: Login ok!
DEBUG: Trovando email g.bianchi@studenti.unina.it
DEBUG: Risultati query DB: [{'id': 1, 'nome': 'Giulia', 'cognome': 'Bianchi', 'email': 'g.bianchi@studenti.unina.it', 'password_hash': 'scrypt:32768:8:1$F1YiDKbEUS6xCx7l$479dad4ae0b6057c8333c7df90bf392e62ec27d52736442b4eee065dc55ae3c6c90579e8e4b70dbcce44dc30eefdbffdec6f030f83bbdc4c6a78f6e804f91404', 'ruolo': 'studente', 'stato': 'active', 'created_at': '2026-03-10 14:24:31', 'last_login': '2026-03-10T15:59:28.518674+00:00', 'tentativi_falliti': 0, 'bloccato_fino_a': None, 'data_nascita': None, 'telefono': None, 'matricola_studente': 'N86001234', 'corso_di_laurea_id': 1, 'anno_corso': 2, 'matricola_docente': None, 'dipartimento': None}]
DEBUG: Login ok!
DEBUG: Trovando email studente@studenti.unina.it
DEBUG: Risultati query DB: [{'id': 4, 'nome': 'Studente', 'cognome': 'Demo', 'email': 'studente@studenti.unina.it', 'password_hash': 'scrypt:32768:8:1$F1YiDKbEUS6xCx7l$479dad4ae0b6057c8333c7df90bf392e62ec27d52736442b4eee065dc55ae3c6c90579e8e4b70dbcce44dc30eefdbffdec6f030f83bbdc4c6a78f6e804f91404', 'ruolo': 'studente', 'stato': 'active', 'created_at': '2026-03-10 14:24:31', 'last_login': '2026-03-11T09:13:20.751105+00:00', 'tentativi_falliti': 0, 'bloccato_fino_a': None, 'data_nascita': None, 'telefono': None, 'matricola_studente': 'N86009999', 'corso_di_laurea_id': 1, 'anno_corso': 2, 'matricola_docente': None, 'dipartimento': None}]
DEBUG: Login ok!
